credits.rpl
Themes/original.xml

Textures/Textures/Black.jpg
Textures/Textures/Bricks.jpg
Textures/Textures/DarkDirt.jpg
Textures/Textures/DarkFrostGround.jpg
Textures/Textures/Dirt.jpg
Textures/Textures/FrostGround.jpg
Textures/Textures/MoltenRock.jpg
Textures/Textures/BlueBricks.jpg
Textures/Textures/Sky1.jpg
Textures/Textures/Sky2.jpg
Textures/Textures/Sky2Drift.jpg
Textures/Textures/Asphalt1_197.jpg
Textures/Textures/Asphalt2_198.jpg
Textures/Textures/BlackSea_174.jpg
Textures/Textures/BlueBlue_173.jpg
Textures/Textures/BlueViolet_172.jpg
Textures/Textures/chessy_dark_200.jpg
Textures/Textures/chessy_light_199.jpg
Textures/Textures/chessytoodark_207.jpg
Textures/Textures/darkwood_157.jpg
Textures/Textures/DarkWood2_159.jpg
Textures/Textures/DegradGreen_169.jpg
Textures/Textures/DegradOrange_168.jpg
Textures/Textures/fuego_189.jpg
Textures/Textures/helltiles_176.jpg
Textures/Textures/MarbleTilePurple_178.jpg
Textures/Textures/MarbleTilePurple_179.jpg
Textures/Textures/Metal_190.jpg
Textures/Textures/Metal2_191.jpg
Textures/Textures/Metal3_192.jpg
Textures/Textures/pop_background.jpg
Textures/Textures/pop_bricks.jpg
Textures/Textures/pop_bricks_top.jpg
Textures/Textures/Rust_193.jpg
Textures/Textures/snow_175.jpg
Textures/Textures/SolidOrange_170.jpg
Textures/Textures/Space_194.jpg
Textures/Textures/street.jpg
Textures/Textures/TilesBlue_180.jpg
Textures/Textures/TilesGreen_181.jpg
Textures/Textures/TilesOrange_182.jpg
Textures/Textures/TilesRed_183.jpg
Textures/Textures/TilesTeal_184.jpg
Textures/Textures/TilesYellow_185.jpg
Textures/Textures/Ubuntu_171.jpg
Textures/Textures/Wallpaper1_195.jpg
Textures/Textures/Wallpaper2_196.jpg
Textures/Textures/Water1_186.jpg
Textures/Textures/Water2_187.jpg
Textures/Textures/Wood2_158.jpg
Textures/Textures/wood.jpg
Textures/Textures/Yellow_177.jpg
Textures/Textures/Red1_215.jpg
Textures/Textures/BlueDiag_214.png
Textures/Textures/chessybackground_242.jpg
Textures/Textures/chessymiddle_241.jpg
Textures/Textures/ComicClouds_213.jpg
Textures/Textures/Grass1_210.png
Textures/Textures/Grass2_211.jpg

Textures/Textures/blackwhite_231.jpg
Textures/Textures/BlurBlocks1_270.jpg
Textures/Textures/Bricks2_271.jpg
Textures/Textures/darkgrey_295.png
Textures/Textures/Dirt_fg_243.jpg
Textures/Textures/GroundGravel_272.jpg
Textures/Textures/hochhaus2_299.jpg
Textures/Textures/hochhaus_298.jpg
Textures/Textures/hochhaus3_300.jpg
Textures/Textures/hochhaus4_301.jpg
Textures/Textures/KRWBlueRockDark_253.jpg
Textures/Textures/KRWBlueRockVeryDark_254.jpg
Textures/Textures/KRWNightSky_255.jpg
Textures/Textures/KRWNightSkyMoon_256.jpg
Textures/Textures/KRWNightSkyNoMoon_257.jpg
Textures/Textures/lightgrey_293.png
Textures/Textures/loupechene_277.jpg
Textures/Textures/mediumgrey_294.png
Textures/Textures/Moon_223.png
Textures/Textures/Sand_310.jpg
Textures/Textures/SandDark_311.jpg
Textures/Textures/Sky3_297.jpg
Textures/Textures/TiZeta_278.jpg
Textures/Textures/TransparentBlue1_269.png
Textures/Textures/vloup_279.jpg
Textures/Textures/Wood3_296.png
Textures/Textures/stone_white_357.jpg
Textures/Textures/technics_362.jpg
Textures/Textures/glass1_364.png
Textures/Textures/technics_dark_363.jpg
Textures/Textures/BubbleDark_371.jpg
Textures/Textures/BubbleLight_370.jpg
Textures/Textures/Lava_372.jpg
Textures/Textures/snow_sprite_377.png

Textures/Anims/checkball_235_00.png
Textures/Anims/checkball_235_01.png
Textures/Anims/checkball_235_02.png
Textures/Anims/checkball_235_03.png
Textures/Anims/checkball_235_04.png

Textures/Sounds/Button1.ogg
Textures/Sounds/Button2.ogg
Textures/Sounds/Button3.ogg
Textures/Sounds/PickUpStrawberry.ogg
Textures/Sounds/NewHighscore.ogg
Textures/Sounds/Headcrash.ogg
Textures/Sounds/EndOfLevel.ogg
Textures/Sounds/Squeek.ogg
Textures/Sounds/engine_00.wav
Textures/Sounds/engine_01.wav
Textures/Sounds/engine_02.wav
Textures/Sounds/engine_03.wav
Textures/Sounds/engine_04.wav
Textures/Sounds/engine_05.wav
Textures/Sounds/engine_06.wav
Textures/Sounds/engine_07.wav
Textures/Sounds/engine_08.wav
Textures/Sounds/engine_09.wav
Textures/Sounds/engine_10.wav
Textures/Sounds/engine_11.wav
Textures/Sounds/engine_12.wav
Textures/Sounds/ring.ogg

Shaders/SFXOverlay.vert
Shaders/SFXOverlay.frag

Levels/Tutorial1.lvl
Levels/Tutorial1.lvs
Levels/Tutorial2.lvl
Levels/Tutorial2.lvs
Levels/Tutorial3.lvl
Levels/Tutorial3.lvs

Levels/scripted2.lvl

Levels/i00.lvl
Levels/i01.lvl
Levels/i02.lvl
Levels/i03.lvl
Levels/i04.lvl
Levels/i05.lvl
Levels/i06.lvl
Levels/i07.lvl
Levels/i08.lvl
Levels/i09.lvl
Levels/i10.lvl
Levels/i11.lvl
Levels/i12.lvl
Levels/i13.lvl
Levels/i14.lvl
Levels/i15.lvl
Levels/i16.lvl
Levels/i17.lvl
Levels/i18.lvl
Levels/i19.lvl
Levels/i20.lvl
Levels/i21.lvl
Levels/i22.lvl
Levels/i23.lvl
Levels/i24.lvl
Levels/i25.lvl
Levels/i26.lvl
Levels/i27.lvl
Levels/i28.lvl
Levels/i29.lvl
Levels/i30.lvl
Levels/i31.lvl
Levels/i32.lvl
Levels/i33.lvl
Levels/i34.lvl
Levels/i35.lvl
Levels/i36.lvl
Levels/i37.lvl
Levels/i38.lvl
Levels/i39.lvl
Levels/i40.lvl
Levels/i41.lvl
Levels/i42.lvl
Levels/i43.lvl
Levels/l1038.lvl
Levels/l1040.lvl
Levels/l1041.lvl
Levels/l1042.lvl
Levels/l1043.lvl
Levels/l1044.lvl
Levels/l1045.lvl
Levels/l1046.lvl
Levels/l1047.lvl
Levels/l1048.lvl
Levels/l1049.lvl
Levels/l1050.lvl
Levels/l1051.lvl
Levels/l1052.lvl
Levels/l1053.lvl
Levels/l1004.lvl
Levels/l1017.lvl
Levels/l1031.lvl
Levels/l228.lvl
Levels/l229.lvl
Levels/l230.lvl
Levels/l317.lvl
Levels/l369.lvl
Levels/l257.lvl
Levels/l1002.lvl
Levels/l1010.lvl
Levels/l1012.lvl
Levels/l1013.lvl
Levels/l1020.lvl
Levels/l1026.lvl
Levels/l1030.lvl
Levels/l136.lvl
Levels/l189.lvl
Levels/l192.lvl
Levels/l218.lvl
Levels/l225.lvl
Levels/l238.lvl
Levels/l267.lvl
Levels/l268.lvl
Levels/l298.lvl
Levels/l330.lvl
Levels/l358.lvl
Levels/l378.lvl
Levels/l454.lvl
Levels/l500.lvl
Levels/l510.lvl
Levels/l511.lvl
Levels/l528.lvl
Levels/l537.lvl
Levels/l54.lvl
Levels/l607.lvl
Levels/l608.lvl
Levels/l609.lvl
Levels/l610.lvl
Levels/l714.lvl
Levels/l740.lvl
Levels/l747.lvl
Levels/l75.lvl
Levels/l784.lvl
Levels/l804.lvl
Levels/l813.lvl
Levels/l815.lvl
Levels/l817.lvl
Levels/l83.lvl
Levels/l84.lvl
Levels/l854.lvl
Levels/l860.lvl
Levels/l873.lvl
Levels/l943.lvl
Levels/l959.lvl
Levels/l966.lvl
Levels/l1032.lvl
Levels/l1080.lvl
Levels/l122.lvl
Levels/l191.lvl
Levels/l254.lvl
Levels/l269.lvl
Levels/l285.lvl
Levels/l384.lvl
Levels/l455.lvl
Levels/l456.lvl
Levels/l48.lvl
Levels/l513.lvl
Levels/l718.lvl
Levels/l769.lvl
Levels/l1447.lvl
Levels/l1445.lvl
Levels/l1431.lvl
Levels/l1426.lvl
Levels/l1406.lvl
Levels/l1364.lvl
Levels/l1136.lvl
Levels/l1242.lvl
Levels/l1239.lvl
Levels/l1271.lvl
Levels/l1214.lvl
Levels/l1457.lvl
Levels/l374.lvl
Levels/l1454.lvl
Levels/l1287.lvl
Levels/l1337.lvl
Levels/l1294.lvl
Levels/l1177.lvl
Levels/l1437.lvl
Levels/l1238.lvl
Levels/l1240.lvl
Levels/l1204.lvl
Levels/l1440.lvl
Levels/l1343.lvl
Levels/l1162.lvl
Levels/l1423.lvl
Levels/l1251.lvl
Levels/l1253.lvl

Levels/l1007.lvl
Levels/l1274.lvl
Levels/l1551.lvl
Levels/l1578.lvl
Levels/l1584.lvl
Levels/l1586.lvl
Levels/l1587.lvl
Levels/l1602.lvl
Levels/l1637.lvl
Levels/l1672.lvl
Levels/l1680.lvl
Levels/l1686.lvl
Levels/l1699.lvl
Levels/l1701.lvl
Levels/l1713.lvl
Levels/l1719.lvl
Levels/l1760.lvl
Levels/l1779.lvl
Levels/l1826.lvl
Levels/l1965.lvl
Levels/l1966.lvl
Levels/l1969.lvl
Levels/l1972.lvl
Levels/l1975.lvl
Levels/l1982.lvl
Levels/l1990.lvl
Levels/l2002.lvl
Levels/l2021.lvl
Levels/l2032.lvl
Levels/l2059.lvl
Levels/l2062.lvl
Levels/l2075.lvl
Levels/l2087.lvl
Levels/l2115.lvl
Levels/l2144.lvl
Levels/l2201.lvl
Levels/l2207.lvl
Levels/l2210.lvl
Levels/l2226.lvl
Levels/l2275.lvl
Levels/l2298.lvl
Levels/l2312.lvl
Levels/l2315.lvl
Levels/l2343.lvl
Levels/l2365.lvl
Levels/l2370.lvl
Levels/l2374.lvl
Levels/l2391.lvl
Levels/l2395.lvl
Levels/l2397.lvl
Levels/l2416.lvl
Levels/l2489.lvl
Levels/l2492.lvl
Levels/l771.lvl
Levels/l2813.lvl

Textures/Anims/Flower00.png
Textures/Anims/Flower01.png
Textures/Anims/Flower02.png
Textures/Anims/Flower03.png
Textures/Anims/Flower04.png
Textures/Anims/Flower05.png
Textures/Anims/Flower06.png
Textures/Anims/Flower07.png
Textures/Anims/Flower08.png
Textures/Anims/Flower09.png
Textures/Anims/Flower10.png
Textures/Anims/Flower11.png
Textures/Anims/Flower12.png

Textures/Anims/Strawberry00.png
Textures/Anims/Strawberry01.png
Textures/Anims/Strawberry02.png
Textures/Anims/Strawberry03.png
Textures/Anims/Strawberry04.png
Textures/Anims/Strawberry05.png
Textures/Anims/Strawberry06.png
Textures/Anims/Strawberry07.png
Textures/Anims/Strawberry08.png
Textures/Anims/Strawberry09.png
Textures/Anims/Strawberry10.png
Textures/Anims/Strawberry11.png
Textures/Anims/Strawberry12.png
Textures/Anims/Strawberry13.png
Textures/Anims/Strawberry14.png
Textures/Anims/Strawberry15.png
Textures/Anims/Strawberry16.png
Textures/Anims/Strawberry17.png
Textures/Anims/Strawberry18.png
Textures/Anims/Strawberry19.png
Textures/Anims/Strawberry20.png
Textures/Anims/Strawberry21.png
Textures/Anims/Strawberry22.png
Textures/Anims/Strawberry23.png
Textures/Anims/Strawberry24.png
Textures/Anims/Strawberry25.png

Textures/Anims/Wrecker00.png
Textures/Anims/Wrecker01.png
Textures/Anims/Wrecker02.png
Textures/Anims/Wrecker03.png
Textures/Anims/Wrecker04.png
Textures/Anims/Wrecker05.png
Textures/Anims/Wrecker06.png
Textures/Anims/Wrecker07.png
Textures/Anims/Wrecker08.png
Textures/Anims/Wrecker09.png
Textures/Anims/Wrecker10.png
Textures/Anims/Wrecker11.png
Textures/Anims/Wrecker12.png
Textures/Anims/Wrecker13.png
Textures/Anims/Wrecker14.png
Textures/Anims/Wrecker15.png
Textures/Anims/Wrecker16.png
Textures/Anims/Wrecker17.png
Textures/Anims/Wrecker18.png
Textures/Anims/Wrecker19.png
Textures/Anims/Wrecker20.png
Textures/Anims/Wrecker21.png
Textures/Anims/Wrecker22.png
Textures/Anims/Wrecker23.png
Textures/Anims/Wrecker24.png

Textures/Anims/FlagDown1.png
Textures/Anims/FlagDown2.png
Textures/Anims/FlagDown3.png

Textures/Anims/FlagGoingUp1.png
Textures/Anims/FlagGoingUp2.png
Textures/Anims/FlagGoingUp3.png
Textures/Anims/FlagGoingUp4.png
Textures/Anims/FlagGoingUp5.png

Textures/Anims/FlagUp1.png
Textures/Anims/FlagUp2.png
Textures/Anims/FlagUp3.png

Textures/Anims/Star00.png
Textures/Anims/Star01.png
Textures/Anims/Star02.png
Textures/Anims/Star03.png
Textures/Anims/Star04.png
Textures/Anims/Star05.png
Textures/Anims/Star06.png
Textures/Anims/Star07.png
Textures/Anims/Star08.png
Textures/Anims/Star09.png
Textures/Anims/Star10.png
Textures/Anims/Star11.png
Textures/Anims/Star12.png
Textures/Anims/Star13.png
Textures/Anims/Star14.png
Textures/Anims/Star15.png

Textures/Anims/alien_238_00.png
Textures/Anims/alien_238_01.png

Textures/Anims/laser_239_00.png
Textures/Anims/laser_239_01.png
Textures/Anims/laser_239_02.png
Textures/Anims/laser_239_03.png
Textures/Anims/laser_239_04.png
Textures/Anims/laser_239_05.png

Textures/Anims/ring_228_00.png
Textures/Anims/ring_228_01.png
Textures/Anims/ring_228_02.png
Textures/Anims/ring_228_03.png
Textures/Anims/ring_228_04.png
Textures/Anims/ring_228_05.png
Textures/Anims/ring_228_06.png
Textures/Anims/ring_228_07.png

Textures/Anims/evilfish_225_00.png
Textures/Anims/evilfish_225_01.png

Textures/Anims/eyesindark_00.png
Textures/Anims/eyesindark_01.png
Textures/Anims/eyesindark_02.png
Textures/Anims/eyesindark_03.png
Textures/Anims/eyesindark_04.png
Textures/Anims/eyesindark_05.png
Textures/Anims/eyesindark_06.png
Textures/Anims/eyesindark_07.png
Textures/Anims/eyesindark_08.png

Textures/Anims/sunflower_205_00.png
Textures/Anims/sunflower_205_01.png

Textures/Anims/bird_ani_00.png
Textures/Anims/bird_ani_01.png
Textures/Anims/bird_ani_02.png
Textures/Anims/bird_ani_03.png
Textures/Anims/bird_ani_04.png
Textures/Anims/bird_ani_05.png

Textures/Anims/bird_ani_right_00.png
Textures/Anims/bird_ani_right_01.png
Textures/Anims/bird_ani_right_02.png
Textures/Anims/bird_ani_right_03.png
Textures/Anims/bird_ani_right_04.png
Textures/Anims/bird_ani_right_05.png

Textures/Anims/tomate_00.png
Textures/Anims/tomate_01.png
Textures/Anims/tomate_02.png
Textures/Anims/tomate_03.png

Textures/Anims/zombie_animiert_00.png
Textures/Anims/zombie_animiert_01.png
Textures/Anims/zombie_animiert_02.png
Textures/Anims/zombie_animiert_03.png
Textures/Anims/zombie_animiert_04.png

Textures/Anims/cog2_240_00.png
Textures/Anims/cog2_240_01.png
Textures/Anims/cog2_240_02.png
Textures/Anims/cog2_240_03.png
Textures/Anims/cog2_240_04.png
Textures/Anims/cog2_240_05.png
Textures/Anims/cog2_240_06.png
Textures/Anims/cog2_240_07.png
Textures/Anims/cog2_240_08.png
Textures/Anims/cog2_240_09.png
Textures/Anims/cog2_240_10.png
Textures/Anims/cog2_240_11.png
Textures/Anims/cog2_240_12.png
Textures/Anims/cog2_240_13.png
Textures/Anims/cog2_240_14.png
Textures/Anims/cog2_240_15.png
Textures/Anims/cog2_240_16.png
Textures/Anims/cog2_240_17.png
Textures/Anims/cog2_240_18.png
Textures/Anims/cog2_240_19.png
Textures/Anims/cog2_240_20.png
Textures/Anims/cog2_240_21.png
Textures/Anims/cog2_240_22.png
Textures/Anims/cog2_240_23.png
Textures/Anims/cog2_240_24.png
Textures/Anims/cog2_240_25.png
Textures/Anims/cog2_240_26.png
Textures/Anims/cog2_240_27.png

Textures/Anims/deathstar_234_00.png
Textures/Anims/deathstar_234_01.png
Textures/Anims/deathstar_234_02.png
Textures/Anims/deathstar_234_03.png
Textures/Anims/deathstar_234_04.png
Textures/Anims/deathstar_234_05.png
Textures/Anims/deathstar_234_06.png
Textures/Anims/deathstar_234_07.png
Textures/Anims/deathstar_234_08.png
Textures/Anims/deathstar_234_09.png
Textures/Anims/deathstar_234_10.png
Textures/Anims/deathstar_234_11.png
Textures/Anims/deathstar_234_12.png
Textures/Anims/deathstar_234_13.png
Textures/Anims/deathstar_234_14.png
Textures/Anims/deathstar_234_15.png
Textures/Anims/deathstar_234_16.png
Textures/Anims/deathstar_234_17.png
Textures/Anims/deathstar_234_18.png
Textures/Anims/deathstar_234_19.png
Textures/Anims/deathstar_234_20.png
Textures/Anims/deathstar_234_21.png
Textures/Anims/deathstar_234_22.png
Textures/Anims/deathstar_234_23.png

Textures/Anims/MetallicaWrecker_273_00.png
Textures/Anims/MetallicaWrecker_273_01.png
Textures/Anims/MetallicaWrecker_273_02.png
Textures/Anims/MetallicaWrecker_273_03.png
Textures/Anims/MetallicaWrecker_273_04.png
Textures/Anims/MetallicaWrecker_273_05.png
Textures/Anims/MetallicaWrecker_273_06.png
Textures/Anims/MetallicaWrecker_273_07.png
Textures/Anims/MetallicaWrecker_273_08.png

Textures/Anims/heart1_361_00.png
Textures/Anims/heart1_361_01.png
Textures/Anims/heart1_361_02.png
Textures/Anims/heart1_361_03.png
Textures/Anims/heart1_361_04.png
Textures/Anims/heart1_361_05.png
Textures/Anims/heart1_361_06.png
Textures/Anims/heart1_361_07.png
Textures/Anims/heart1_361_08.png
Textures/Anims/heart1_361_09.png
Textures/Anims/heart1_361_10.png
Textures/Anims/heart1_361_11.png
Textures/Anims/heart1_361_12.png
Textures/Anims/heart1_361_13.png
Textures/Anims/heart1_361_14.png

Textures/Effects/EarthVines.png
Textures/Effects/EdgeGrass1.png
Textures/Effects/EdgeGrassAlt1.png
Textures/Effects/EdgeRedBricks1.jpg
Textures/Effects/EdgeGrayBricks1.jpg
Textures/Effects/EdgeBlueBricks1.jpg
Textures/Effects/EdgeIce1.png
Textures/Effects/Fire1.png
Textures/Effects/Smoke1.png
Textures/Effects/Smoke2.png
Textures/Effects/Debris1.png
Textures/Effects/darken_288.png
Textures/Effects/KRWBlueRockEdge_252.png
Textures/Effects/street_245.png
Textures/Effects/bluen_365.png
Textures/Effects/lighten_369.png

Textures/Misc/Arrow.png
Textures/Misc/enginecounter.png

Textures/Riders/LowerArm1.png
Textures/Riders/LowerLeg1.png
Textures/Riders/Torso1.png
Textures/Riders/UpperArm1.png
Textures/Riders/UpperLeg1.png
Textures/Riders/LowerArm_Ghost.png
Textures/Riders/LowerLeg_Ghost.png
Textures/Riders/Torso_Ghost.png
Textures/Riders/UpperArm_Ghost.png
Textures/Riders/UpperLeg_Ghost.png

Textures/Riders/Body1.png
Textures/Riders/Front1.png
Textures/Riders/Rear1.png
Textures/Riders/Wheel1.png
Textures/Riders/Body_Ghost.png
Textures/Riders/Front_Ghost.png
Textures/Riders/Rear_Ghost.png
Textures/Riders/Wheel_Ghost.png

Textures/Anims/BlankSignLeft1.png
Textures/Anims/BlankSignRight1.png
Textures/Anims/FinSignLeft1.png
Textures/Anims/FinSignRight1.png
Textures/Anims/Grass1.png
Textures/Anims/HangingVines1.png
Textures/Anims/HangingVines2.png
Textures/Anims/SnowMan.png
Textures/Anims/ThisWaySignLeft1.png
Textures/Anims/ThisWaySignRight1.png
Textures/Anims/Tree1.png
Textures/Anims/Tree2.png
Textures/Anims/Tut3Sign.png
Textures/Anims/HStones.png
Textures/Anims/Bridge.png
Textures/Anims/CastleWindow1.png
Textures/Anims/CastleDoor1.png
Textures/Anims/YellowFlare.png

Textures/Anims/beerleft_222.png
Textures/Anims/Daulphin_166.png
Textures/Anims/Daulphin2_162.png
Textures/Anims/docks_Stange.png
Textures/Anims/Earth_164.png
Textures/Anims/HellHead_167.png
Textures/Anims/home01.png
Textures/Anims/MultiBaloons_163.png
Textures/Anims/Nenufart_165.png
Textures/Anims/palmgrass_204.png
Textures/Anims/palmtree_201.png
Textures/Anims/palmtree2_202.png
Textures/Anims/panel_230.png
Textures/Anims/Sun_161.png
Textures/Anims/totem1_203.png
Textures/Anims/totem2_206.png
Textures/Anims/TuxFly_160.png
Textures/Anims/ScriptWarning_309.png
Textures/Anims/cow_379.png
Textures/Anims/tree_381.png

Textures/Effects/EdgeCSite1_209.png

Textures/UI/MenuBL.png
Textures/UI/MenuBR.png
Textures/UI/MenuTL.png
Textures/UI/MenuTR.png
Textures/UI/Misc.png
Textures/UI/MiscActive.png
Textures/UI/MiscDisabled.png
Textures/UI/TitleBL.jpg
Textures/UI/TitleBR.jpg
Textures/UI/TitleTL.jpg
Textures/UI/TitleTR.jpg
Textures/UI/DarkBlob.png
Textures/UI/Cursor.png
Textures/UI/NewLevelsAvailablePlain.png
Textures/UI/roundButtonPressed.png
Textures/UI/roundButtonUnpressed.png
Textures/UI/roundButtonHover.png
Textures/UI/qsChoiceUnchecked.png
Textures/UI/qsChoiceDifficulty.png
Textures/UI/qsChoiceQuality.png

Textures/Effects/Bloodeffect_407.png
Textures/Effects/dirt_fx_471.png
Textures/Effects/stone_fx_483.png
Textures/Effects/street2_404.png

Textures/Anims/KeyBrake_500.png
Textures/Anims/KeyDrive_499.png
Textures/Anims/KeyLeft_501.png
Textures/Anims/KeyRight_502.png

Textures/Anims/smiley_480_00.png
Textures/Anims/smiley_480_01.png
Textures/Anims/smiley_480_02.png
Textures/Anims/smiley_480_03.png
Textures/Anims/Teleport_505_00.png
Textures/Anims/Teleport_505_01.png
Textures/Anims/Teleport_505_02.png
Textures/Anims/Teleport_505_03.png
Textures/Anims/Teleport_505_04.png
Textures/Anims/Teleport_505_05.png
Textures/Anims/Teleport_505_06.png
Textures/Anims/Teleport_505_07.png
Textures/Anims/Teleport_505_08.png
Textures/Anims/Teleport_505_09.png
Textures/Anims/Teleport_505_10.png
Textures/Anims/Teleport_505_11.png
Textures/Anims/Teleport_505_12.png
Textures/Anims/Teleport_505_13.png
Textures/Anims/TheX_488_00.png
Textures/Anims/TheX_488_01.png
Textures/Anims/TheX_488_02.png
Textures/Anims/TheX_488_03.png
Textures/Anims/TheX_488_04.png
Textures/Anims/TheX_488_05.png
Textures/Anims/TheX_488_06.png
Textures/Anims/TheX_488_07.png
Textures/Anims/TheX_488_08.png
Textures/Anims/TheX_488_09.png
Textures/Anims/TheX_488_10.png
Textures/Textures/Orange1InRainbows_466.png
Textures/Textures/ArcticsBlue1_417.jpg
Textures/Textures/ArcticsBlue2_418.jpg
Textures/Textures/ArcticsBlue3_419.jpg
Textures/Textures/ArcticsRed1_420.jpg
Textures/Textures/ArcticsRed2_421.jpg
Textures/Textures/ArcticsRed3_422.jpg
Textures/Textures/autumn_481.jpg
Textures/Textures/Blue1InRainbows_465.png
Textures/Textures/Blue2InRainbows_470.png
Textures/Textures/crystal_tex_487.png
Textures/Textures/Flesh01_410.jpg
Textures/Textures/glass_blue_473.png
Textures/Textures/glass_green_475.png
Textures/Textures/glass_red_474.png
Textures/Textures/greek_486.png
Textures/Textures/GreenInRainbows_467.png
Textures/Textures/moresand_484.png
Textures/Textures/moresand2_485.png
Textures/Textures/mud_497.jpg
Textures/Textures/Orange2InRainbows_468.png
Textures/Textures/Peau_416.png
Textures/Textures/RedInRainbows_469.png
Textures/Textures/shadow1_423.png
Textures/Textures/shadow2_424.png
Textures/Textures/white_472.jpg
Textures/Textures/YellowInRainbows_464.png
Physics/original.xml

default/weblevels.xml
default/webhighscores.xml


