fonts.dat
credits.rpl

Themes/original.xml

Textures/Textures/Black.jpg
Textures/Textures/Bricks.jpg
Textures/Textures/DarkDirt.jpg
Textures/Textures/DarkFrostGround.jpg
Textures/Textures/Dirt.jpg
Textures/Textures/FrostGround.jpg
Textures/Textures/MoltenRock.jpg
Textures/Textures/BlueBricks.jpg
Textures/Textures/Sky1.jpg
Textures/Textures/Sky2.jpg
Textures/Textures/Sky2Drift.jpg
Textures/Textures/Asphalt1_197.jpg
Textures/Textures/Asphalt2_198.jpg
Textures/Textures/BlackSea_174.jpg
Textures/Textures/BlueBlue_173.jpg
Textures/Textures/BlueViolet_172.jpg
Textures/Textures/chessy_dark_200.jpg
Textures/Textures/chessy_light_199.jpg
Textures/Textures/chessytoodark_207.jpg
Textures/Textures/darkwood_157.jpg
Textures/Textures/DarkWood2_159.jpg
Textures/Textures/DegradGreen_169.jpg
Textures/Textures/DegradOrange_168.jpg
Textures/Textures/fuego_189.jpg
Textures/Textures/helltiles_176.jpg
Textures/Textures/MarbleTilePurple_178.jpg
Textures/Textures/MarbleTilePurple_179.jpg
Textures/Textures/Metal_190.jpg
Textures/Textures/Metal2_191.jpg
Textures/Textures/Metal3_192.jpg
Textures/Textures/pop_background.jpg
Textures/Textures/pop_bricks.jpg
Textures/Textures/pop_bricks_top.jpg
Textures/Textures/Rust_193.jpg
Textures/Textures/snow_175.jpg
Textures/Textures/SolidOrange_170.jpg
Textures/Textures/Space_194.jpg
Textures/Textures/street.jpg
Textures/Textures/TilesBlue_180.jpg
Textures/Textures/TilesGreen_181.jpg
Textures/Textures/TilesOrange_182.jpg
Textures/Textures/TilesRed_183.jpg
Textures/Textures/TilesTeal_184.jpg
Textures/Textures/TilesYellow_185.jpg
Textures/Textures/Ubuntu_171.jpg
Textures/Textures/Wallpaper1_195.jpg
Textures/Textures/Wallpaper2_196.jpg
Textures/Textures/Water1_186.jpg
Textures/Textures/Water2_187.jpg
Textures/Textures/Wood2_158.jpg
Textures/Textures/wood.jpg
Textures/Textures/Yellow_177.jpg

Sounds/Button1.ogg
Sounds/Button3.ogg
Sounds/PickUpStrawberry.ogg
Sounds/NewHighscore.ogg
Sounds/Headcrash.ogg

Sounds/Engine/00.wav
Sounds/Engine/01.wav
Sounds/Engine/02.wav
Sounds/Engine/03.wav
Sounds/Engine/04.wav
Sounds/Engine/05.wav
Sounds/Engine/06.wav
Sounds/Engine/07.wav
Sounds/Engine/08.wav
Sounds/Engine/09.wav
Sounds/Engine/10.wav
Sounds/Engine/11.wav
Sounds/Engine/12.wav

Shaders/SFXOverlay.vert
Shaders/SFXOverlay.frag

Levels/Tutorial1.lvl
Levels/Tutorial1.lvs
Levels/Tutorial2.lvl
Levels/Tutorial2.lvs
Levels/Tutorial3.lvl
Levels/Tutorial3.lvs
Levels/Tutorials.lpk

Levels/scripted2.lvl
Levels/scripted.lpk

Levels/i00.lvl
Levels/i01.lvl
Levels/i02.lvl
Levels/i03.lvl
Levels/i04.lvl
Levels/i05.lvl
Levels/i06.lvl
Levels/i07.lvl
Levels/i08.lvl
Levels/i09.lvl
Levels/i10.lvl
Levels/i11.lvl
Levels/i12.lvl
Levels/i13.lvl
Levels/i14.lvl
Levels/i15.lvl
Levels/i16.lvl
Levels/i17.lvl
Levels/i18.lvl
Levels/i19.lvl
Levels/i20.lvl
Levels/i21.lvl
Levels/i22.lvl
Levels/i23.lvl
Levels/i24.lvl
Levels/i25.lvl
Levels/i26.lvl
Levels/i27.lvl
Levels/i28.lvl
Levels/i29.lvl
Levels/i30.lvl
Levels/i31.lvl
Levels/i32.lvl
Levels/i33.lvl
Levels/i34.lvl
Levels/i35.lvl
Levels/i36.lvl
Levels/i37.lvl
Levels/i38.lvl
Levels/i39.lvl
Levels/i40.lvl
Levels/i41.lvl
Levels/i42.lvl
Levels/i43.lvl
Levels/l1038.lvl
Levels/l1040.lvl
Levels/l1041.lvl
Levels/l1042.lvl
Levels/l1043.lvl
Levels/l1044.lvl
Levels/l1045.lvl
Levels/l1046.lvl
Levels/l1047.lvl
Levels/l1048.lvl
Levels/l1049.lvl
Levels/l1050.lvl
Levels/l1051.lvl
Levels/l1052.lvl
Levels/l1053.lvl


Textures/Anims/Flower00.png
Textures/Anims/Flower01.png
Textures/Anims/Flower02.png
Textures/Anims/Flower03.png
Textures/Anims/Flower04.png
Textures/Anims/Flower05.png
Textures/Anims/Flower06.png
Textures/Anims/Flower07.png
Textures/Anims/Flower08.png
Textures/Anims/Flower09.png
Textures/Anims/Flower10.png
Textures/Anims/Flower11.png
Textures/Anims/Flower12.png

Textures/Anims/Strawberry00.png
Textures/Anims/Strawberry01.png
Textures/Anims/Strawberry02.png
Textures/Anims/Strawberry03.png
Textures/Anims/Strawberry04.png
Textures/Anims/Strawberry05.png
Textures/Anims/Strawberry06.png
Textures/Anims/Strawberry07.png
Textures/Anims/Strawberry08.png
Textures/Anims/Strawberry09.png
Textures/Anims/Strawberry10.png
Textures/Anims/Strawberry11.png
Textures/Anims/Strawberry12.png
Textures/Anims/Strawberry13.png
Textures/Anims/Strawberry14.png
Textures/Anims/Strawberry15.png
Textures/Anims/Strawberry16.png
Textures/Anims/Strawberry17.png
Textures/Anims/Strawberry18.png
Textures/Anims/Strawberry19.png
Textures/Anims/Strawberry20.png
Textures/Anims/Strawberry21.png
Textures/Anims/Strawberry22.png
Textures/Anims/Strawberry23.png
Textures/Anims/Strawberry24.png
Textures/Anims/Strawberry25.png

Textures/Anims/Wrecker00.png
Textures/Anims/Wrecker01.png
Textures/Anims/Wrecker02.png
Textures/Anims/Wrecker03.png
Textures/Anims/Wrecker04.png
Textures/Anims/Wrecker05.png
Textures/Anims/Wrecker06.png
Textures/Anims/Wrecker07.png
Textures/Anims/Wrecker08.png
Textures/Anims/Wrecker09.png
Textures/Anims/Wrecker10.png
Textures/Anims/Wrecker11.png
Textures/Anims/Wrecker12.png
Textures/Anims/Wrecker13.png
Textures/Anims/Wrecker14.png
Textures/Anims/Wrecker15.png
Textures/Anims/Wrecker16.png
Textures/Anims/Wrecker17.png
Textures/Anims/Wrecker18.png
Textures/Anims/Wrecker19.png
Textures/Anims/Wrecker20.png
Textures/Anims/Wrecker21.png
Textures/Anims/Wrecker22.png
Textures/Anims/Wrecker23.png
Textures/Anims/Wrecker24.png

Textures/Anims/FlagDown1.png
Textures/Anims/FlagDown2.png
Textures/Anims/FlagDown3.png

Textures/Anims/FlagGoingUp1.png
Textures/Anims/FlagGoingUp2.png
Textures/Anims/FlagGoingUp3.png
Textures/Anims/FlagGoingUp4.png
Textures/Anims/FlagGoingUp5.png

Textures/Anims/FlagUp1.png
Textures/Anims/FlagUp2.png
Textures/Anims/FlagUp3.png

Textures/Anims/Star00.png
Textures/Anims/Star01.png
Textures/Anims/Star02.png
Textures/Anims/Star03.png
Textures/Anims/Star04.png
Textures/Anims/Star05.png
Textures/Anims/Star06.png
Textures/Anims/Star07.png
Textures/Anims/Star08.png
Textures/Anims/Star09.png
Textures/Anims/Star10.png
Textures/Anims/Star11.png
Textures/Anims/Star12.png
Textures/Anims/Star13.png
Textures/Anims/Star14.png
Textures/Anims/Star15.png

Textures/Effects/EarthVines.png
Textures/Effects/EdgeGrass1.png
Textures/Effects/EdgeGrassAlt1.png
Textures/Effects/EdgeRedBricks1.jpg
Textures/Effects/EdgeGrayBricks1.jpg
Textures/Effects/EdgeBlueBricks1.jpg
Textures/Effects/EdgeIce1.png
Textures/Effects/Fire1.png
Textures/Effects/Smoke1.png
Textures/Effects/Smoke2.png
Textures/Effects/Debris1.png

Textures/Fonts/MFont.png
Textures/Fonts/SFont.png

Textures/Misc/Arrow.png
Textures/Misc/enginecounter.png

Textures/Riders/LowerArm1.png
Textures/Riders/LowerLeg1.png
Textures/Riders/Torso1.png
Textures/Riders/UpperArm1.png
Textures/Riders/UpperLeg1.png
Textures/Riders/LowerArm_Ghost.png
Textures/Riders/LowerLeg_Ghost.png
Textures/Riders/Torso_Ghost.png
Textures/Riders/UpperArm_Ghost.png
Textures/Riders/UpperLeg_Ghost.png

Textures/Riders/Body1.png
Textures/Riders/Front1.png
Textures/Riders/Rear1.png
Textures/Riders/Wheel1.png
Textures/Riders/Body_Ghost.png
Textures/Riders/Front_Ghost.png
Textures/Riders/Rear_Ghost.png
Textures/Riders/Wheel_Ghost.png

Textures/Sprites/BlankSignLeft1.png
Textures/Sprites/BlankSignRight1.png
Textures/Sprites/FinSignLeft1.png
Textures/Sprites/FinSignRight1.png
Textures/Sprites/Grass1.png
Textures/Sprites/HangingVines1.png
Textures/Sprites/HangingVines2.png
Textures/Sprites/SnowMan.png
Textures/Sprites/ThisWaySignLeft1.png
Textures/Sprites/ThisWaySignRight1.png
Textures/Sprites/Tree1.png
Textures/Sprites/Tree2.png
Textures/Sprites/Tut3Sign.png
Textures/Sprites/HStones.png
Textures/Sprites/Bridge.png
Textures/Sprites/CastleWindow1.png
Textures/Sprites/CastleDoor1.png
Textures/Sprites/YellowFlare.png

Textures/UI/MenuBL.png
Textures/UI/MenuBR.png
Textures/UI/MenuTL.png
Textures/UI/MenuTR.png
Textures/UI/Misc.png
Textures/UI/MiscActive.png
Textures/UI/MiscDisabled.png
Textures/UI/TitleBL.jpg
Textures/UI/TitleBR.jpg
Textures/UI/TitleTL.jpg
Textures/UI/TitleTR.jpg
Textures/UI/DarkBlob.png
Textures/UI/Loading.png
Textures/UI/Cursor.png
Textures/UI/NewLevelsAvail.png
